2022-01-20 21:05:11,280 INFO org.springframework.boot.StartupInfoLogger [main] Starting TechbootcampMaxTybarApplication using Java 17.0.1 on PRFT-16814 with PID 22688 (C:\Users\Max.Tybar\Dropbox\Perficient, Inc\Java Bootcamp\tech-bootcamp-perficient\techbootcamp-MaxTybar\build\classes\java\main started by max.tybar in C:\Users\Max.Tybar\Dropbox\Perficient, Inc\Java Bootcamp\tech-bootcamp-perficient\techbootcamp-MaxTybar)
2022-01-20 21:05:11,282 INFO org.springframework.boot.SpringApplication [main] No active profile set, falling back to default profiles: default
2022-01-20 21:05:11,616 INFO org.springframework.data.repository.config.RepositoryConfigurationDelegate [main] Bootstrapping Spring Data JPA repositories in DEFAULT mode.
2022-01-20 21:05:11,645 INFO org.springframework.data.repository.config.RepositoryConfigurationDelegate [main] Finished Spring Data repository scanning in 23 ms. Found 2 JPA repository interfaces.
2022-01-20 21:05:11,975 INFO org.springframework.boot.web.embedded.tomcat.TomcatWebServer [main] Tomcat initialized with port(s): 8080 (http)
2022-01-20 21:05:11,981 INFO org.apache.juli.logging.DirectJDKLog [main] Initializing ProtocolHandler ["http-nio-8080"]
2022-01-20 21:05:11,982 INFO org.apache.juli.logging.DirectJDKLog [main] Starting service [Tomcat]
2022-01-20 21:05:11,982 INFO org.apache.juli.logging.DirectJDKLog [main] Starting Servlet engine: [Apache Tomcat/9.0.56]
2022-01-20 21:05:12,055 INFO org.apache.juli.logging.DirectJDKLog [main] Initializing Spring embedded WebApplicationContext
2022-01-20 21:05:12,056 INFO org.springframework.boot.web.servlet.context.ServletWebServerApplicationContext [main] Root WebApplicationContext: initialization completed in 748 ms
2022-01-20 21:05:12,142 INFO com.zaxxer.hikari.HikariDataSource [main] HikariPool-1 - Starting...
2022-01-20 21:05:12,242 INFO com.zaxxer.hikari.HikariDataSource [main] HikariPool-1 - Start completed.
2022-01-20 21:05:12,273 INFO org.hibernate.jpa.internal.util.LogHelper [main] HHH000204: Processing PersistenceUnitInfo [name: default]
2022-01-20 21:05:12,304 INFO org.hibernate.Version [main] HHH000412: Hibernate ORM core version 5.6.3.Final
2022-01-20 21:05:12,402 INFO org.hibernate.annotations.common.reflection.java.JavaReflectionManager [main] HCANN000001: Hibernate Commons Annotations {5.1.2.Final}
2022-01-20 21:05:12,482 INFO org.hibernate.dialect.Dialect [main] HHH000400: Using dialect: org.hibernate.dialect.H2Dialect
2022-01-20 21:05:12,867 INFO org.hibernate.engine.transaction.jta.platform.internal.JtaPlatformInitiator [main] HHH000490: Using JtaPlatform implementation: [org.hibernate.engine.transaction.jta.platform.internal.NoJtaPlatform]
2022-01-20 21:05:12,876 INFO org.springframework.orm.jpa.AbstractEntityManagerFactoryBean [main] Initialized JPA EntityManagerFactory for persistence unit 'default'
2022-01-20 21:05:13,021 WARN org.springframework.boot.autoconfigure.orm.jpa.JpaBaseConfiguration$JpaWebConfiguration [main] spring.jpa.open-in-view is enabled by default. Therefore, database queries may be performed during view rendering. Explicitly configure spring.jpa.open-in-view to disable this warning
2022-01-20 21:05:13,171 INFO org.apache.juli.logging.DirectJDKLog [main] Starting ProtocolHandler ["http-nio-8080"]
2022-01-20 21:05:13,199 INFO org.springframework.boot.web.embedded.tomcat.TomcatWebServer [main] Tomcat started on port(s): 8080 (http) with context path ''
2022-01-20 21:05:13,204 INFO org.springframework.boot.StartupInfoLogger [main] Started TechbootcampMaxTybarApplication in 2.189 seconds (JVM running for 2.423)
2022-01-20 21:05:13,300 ERROR com.perficient.techbootcampMaxTybar.TechbootcampMaxTybarApplication [main] Hello World.
